<?xml version="1.0" encoding="UTF-8"?>
<!-- Generated by org.testng.reporters.JUnitXMLReporter -->
<testsuite hostname="DESKTOP-DCMS2K8" ignored="1" name="Default test" tests="5" failures="0" timestamp="2023-04-26T13:03:23 IST" time="16.858" errors="0">
  <testcase name="deleteBookingDetails" time="7.797" classname="com.RestAssured.restfulbooker.LambokTest"/>
  <testcase name="partialBookingUpdate" time="2.576" classname="com.RestAssured.restfulbooker.LambokTest"/>
  <testcase name="createBooking" time="1.261" classname="com.RestAssured.restfulbooker.LambokTest"/>
  <testcase name="getBookingDetailsUsingBookingId" time="2.49" classname="com.RestAssured.restfulbooker.LambokTest"/>
  <testcase name="updateBookingDetails" time="2.621" classname="com.RestAssured.restfulbooker.LambokTest"/>
  <testcase name="createNewBooking" time="0.0" classname="com.RestAssured.restfulbooker.LambokTest">
    <ignored/>
  </testcase> <!-- createNewBooking -->
</testsuite> <!-- Default test -->
