<?xml version="1.0" encoding="UTF-8"?>
<!-- Generated by org.testng.reporters.JUnitXMLReporter -->
<testsuite hostname="DESKTOP-DCMS2K8" ignored="2" name="Test" tests="12" failures="0" timestamp="2023-07-02T22:22:56 IST" time="30.177" errors="0">
  <testcase name="createBookingSchemaValidation" time="7.465" classname="com.RestAssured.restfulbooker.JsonSchemaValidationTest"/>
  <testcase name="createTokenJsonSchemaValidation" time="1.667" classname="com.RestAssured.restfulbooker.JsonSchemaValidationTest"/>
  <testcase name="getBookingSchemaValidation" time="3.152" classname="com.RestAssured.restfulbooker.JsonSchemaValidationTest"/>
  <testcase name="createNewBooking" time="1.371" classname="com.RestAssured.restfulbooker.RestfulBookerE2ETests"/>
  <testcase name="createToken" time="1.321" classname="com.RestAssured.restfulbooker.RestfulBookerE2ETests"/>
  <testcase name="getBookingData" time="1.289" classname="com.RestAssured.restfulbooker.RestfulBookerE2ETests"/>
  <testcase name="updateBookingDetails" time="1.339" classname="com.RestAssured.restfulbooker.RestfulBookerE2ETests"/>
  <testcase name="deleteBookingDetails" time="2.798" classname="com.RestAssured.restfulbooker.LambokTest"/>
  <testcase name="partialBookingUpdate" time="2.837" classname="com.RestAssured.restfulbooker.LambokTest"/>
  <testcase name="createBooking" time="1.348" classname="com.RestAssured.restfulbooker.LambokTest"/>
  <testcase name="getBookingDetailsUsingBookingId" time="2.676" classname="com.RestAssured.restfulbooker.LambokTest"/>
  <testcase name="updateBookingDetails" time="2.812" classname="com.RestAssured.restfulbooker.LambokTest"/>
  <testcase name="createNewBooking" time="0.0" classname="com.RestAssured.restfulbooker.LambokTest">
    <ignored/>
  </testcase> <!-- createNewBooking -->
  <testcase name="getBookingDetailsById" time="0.0" classname="com.RestAssured.restfulbooker.RestfulBookerE2ETests">
    <ignored/>
  </testcase> <!-- getBookingDetailsById -->
</testsuite> <!-- Test -->
