<?xml version="1.0" encoding="UTF-8"?>
<testsuite xmlns:xsi="http://www.w3.org/2001/XMLSchema-instance" xsi:noNamespaceSchemaLocation="https://maven.apache.org/surefire/maven-surefire-plugin/xsd/surefire-test-report.xsd" name="TestSuite" time="31.555" tests="12" errors="0" skipped="0" failures="0">
  <properties>
[...]
</properties>
  <testcase name="createBookingSchemaValidation" classname="com.RestAssured.restfulbooker.JsonSchemaValidationTest" time="7.466"/>
  <testcase name="createTokenJsonSchemaValidation" classname="com.RestAssured.restfulbooker.JsonSchemaValidationTest" time="1.666"/>
  <testcase name="getBookingSchemaValidation" classname="com.RestAssured.restfulbooker.JsonSchemaValidationTest" time="3.153"/>
  <testcase name="createNewBooking" classname="com.RestAssured.restfulbooker.RestfulBookerE2ETests" time="1.373"/>
  <testcase name="createToken" classname="com.RestAssured.restfulbooker.RestfulBookerE2ETests" time="1.32"/>
  <testcase name="getBookingData" classname="com.RestAssured.restfulbooker.RestfulBookerE2ETests" time="1.292"/>
  <testcase name="updateBookingDetails" classname="com.RestAssured.restfulbooker.RestfulBookerE2ETests" time="1.339"/>
  <testcase name="deleteBookingDetails" classname="com.RestAssured.restfulbooker.LambokTest" time="2.798"/>
  <testcase name="partialBookingUpdate" classname="com.RestAssured.restfulbooker.LambokTest" time="2.837"/>
  <testcase name="createBooking" classname="com.RestAssured.restfulbooker.LambokTest" time="1.352"/>
  <testcase name="getBookingDetailsUsingBookingId" classname="com.RestAssured.restfulbooker.LambokTest" time="2.707"/>
  <testcase name="updateBookingDetails" classname="com.RestAssured.restfulbooker.LambokTest" time="2.782"/>
</testsuite>